<?xml version="1.0" encoding="UTF-8"?>
<testsuite xmlns:xsi="http://www.w3.org/2001/XMLSchema-instance" xsi:noNamespaceSchemaLocation="https://maven.apache.org/surefire/maven-surefire-plugin/xsd/surefire-test-report.xsd" version="3.0.2" name="com.example.ddd.domain.model.ProductTest" time="0.27" tests="0" errors="0" skipped="0" failures="0">
  <properties>
    <property name="java.specification.version" value="25"/>
    <property name="sun.cpu.isalist" value="amd64"/>
    <property name="sun.jnu.encoding" value="Cp1252"/>
    <property name="java.class.path" value="E:\ddd-template\domain\target\test-classes;E:\ddd-template\domain\target\classes;C:\Users\JoshuaSalcedo\.m2\repository\org\jmolecules\jmolecules-ddd\2.0.0-RC2\jmolecules-ddd-2.0.0-RC2.jar;C:\Users\JoshuaSalcedo\.m2\repository\org\jmolecules\jstereotype\2.0.0-RC2\jstereotype-2.0.0-RC2.jar;C:\Users\JoshuaSalcedo\.m2\repository\jakarta\validation\jakarta.validation-api\3.1.1\jakarta.validation-api-3.1.1.jar;C:\Users\JoshuaSalcedo\.m2\repository\org\jmolecules\jmolecules-layered-architecture\2.0.0-RC2\jmolecules-layered-architecture-2.0.0-RC2.jar;C:\Users\JoshuaSalcedo\.m2\repository\org\apache\commons\commons-lang3\3.19.0\commons-lang3-3.19.0.jar;C:\Users\JoshuaSalcedo\.m2\repository\org\jmolecules\jmolecules-cqrs-architecture\2.0.0-RC2\jmolecules-cqrs-architecture-2.0.0-RC2.jar;C:\Users\JoshuaSalcedo\.m2\repository\org\jmolecules\jmolecules-events\2.0.0-RC2\jmolecules-events-2.0.0-RC2.jar;C:\Users\JoshuaSalcedo\.m2\repository\org\projectlombok\lombok\1.18.42\lombok-1.18.42.jar;C:\Users\JoshuaSalcedo\.m2\repository\org\slf4j\slf4j-api\2.0.17\slf4j-api-2.0.17.jar;C:\Users\JoshuaSalcedo\.m2\repository\org\junit\jupiter\junit-jupiter\6.0.0\junit-jupiter-6.0.0.jar;C:\Users\JoshuaSalcedo\.m2\repository\org\junit\jupiter\junit-jupiter-api\5.12.2\junit-jupiter-api-5.12.2.jar;C:\Users\JoshuaSalcedo\.m2\repository\org\opentest4j\opentest4j\1.3.0\opentest4j-1.3.0.jar;C:\Users\JoshuaSalcedo\.m2\repository\org\junit\platform\junit-platform-commons\1.12.2\junit-platform-commons-1.12.2.jar;C:\Users\JoshuaSalcedo\.m2\repository\org\apiguardian\apiguardian-api\1.1.2\apiguardian-api-1.1.2.jar;C:\Users\JoshuaSalcedo\.m2\repository\org\junit\jupiter\junit-jupiter-params\5.12.2\junit-jupiter-params-5.12.2.jar;C:\Users\JoshuaSalcedo\.m2\repository\org\junit\jupiter\junit-jupiter-engine\5.12.2\junit-jupiter-engine-5.12.2.jar;C:\Users\JoshuaSalcedo\.m2\repository\org\junit\platform\junit-platform-engine\1.12.2\junit-platform-engine-1.12.2.jar;C:\Users\JoshuaSalcedo\.m2\repository\org\assertj\assertj-core\4.0.0-M1\assertj-core-4.0.0-M1.jar;C:\Users\JoshuaSalcedo\.m2\repository\net\bytebuddy\byte-buddy\1.17.7\byte-buddy-1.17.7.jar;C:\Users\JoshuaSalcedo\.m2\repository\org\mockito\mockito-junit-jupiter\5.20.0\mockito-junit-jupiter-5.20.0.jar;C:\Users\JoshuaSalcedo\.m2\repository\org\mockito\mockito-core\5.20.0\mockito-core-5.20.0.jar;C:\Users\JoshuaSalcedo\.m2\repository\net\bytebuddy\byte-buddy-agent\1.17.7\byte-buddy-agent-1.17.7.jar;C:\Users\JoshuaSalcedo\.m2\repository\org\objenesis\objenesis\3.3\objenesis-3.3.jar;"/>
    <property name="java.vm.vendor" value="GraalVM Community"/>
    <property name="sun.arch.data.model" value="64"/>
    <property name="user.variant" value=""/>
    <property name="java.vendor.url" value="https://www.graalvm.org/"/>
    <property name="user.timezone" value="Asia/Manila"/>
    <property name="os.name" value="Windows 11"/>
    <property name="java.vm.specification.version" value="25"/>
    <property name="sun.java.launcher" value="SUN_STANDARD"/>
    <property name="user.country" value="PH"/>
    <property name="sun.boot.library.path" value="C:\Users\JoshuaSalcedo\.jdks\graalvm-ce-25.0.0\bin"/>
    <property name="sun.java.command" value="C:\Users\JoshuaSalcedo\AppData\Local\Temp\surefire12423616510477233113\surefirebooter-20251015152926270_3.jar C:\Users\JoshuaSalcedo\AppData\Local\Temp\surefire12423616510477233113 2025-10-15T15-29-26_115-jvmRun1 surefire-20251015152926270_1tmp surefire_0-20251015152926270_2tmp"/>
    <property name="jdk.debug" value="release"/>
    <property name="surefire.test.class.path" value="E:\ddd-template\domain\target\test-classes;E:\ddd-template\domain\target\classes;C:\Users\JoshuaSalcedo\.m2\repository\org\jmolecules\jmolecules-ddd\2.0.0-RC2\jmolecules-ddd-2.0.0-RC2.jar;C:\Users\JoshuaSalcedo\.m2\repository\org\jmolecules\jstereotype\2.0.0-RC2\jstereotype-2.0.0-RC2.jar;C:\Users\JoshuaSalcedo\.m2\repository\jakarta\validation\jakarta.validation-api\3.1.1\jakarta.validation-api-3.1.1.jar;C:\Users\JoshuaSalcedo\.m2\repository\org\jmolecules\jmolecules-layered-architecture\2.0.0-RC2\jmolecules-layered-architecture-2.0.0-RC2.jar;C:\Users\JoshuaSalcedo\.m2\repository\org\apache\commons\commons-lang3\3.19.0\commons-lang3-3.19.0.jar;C:\Users\JoshuaSalcedo\.m2\repository\org\jmolecules\jmolecules-cqrs-architecture\2.0.0-RC2\jmolecules-cqrs-architecture-2.0.0-RC2.jar;C:\Users\JoshuaSalcedo\.m2\repository\org\jmolecules\jmolecules-events\2.0.0-RC2\jmolecules-events-2.0.0-RC2.jar;C:\Users\JoshuaSalcedo\.m2\repository\org\projectlombok\lombok\1.18.42\lombok-1.18.42.jar;C:\Users\JoshuaSalcedo\.m2\repository\org\slf4j\slf4j-api\2.0.17\slf4j-api-2.0.17.jar;C:\Users\JoshuaSalcedo\.m2\repository\org\junit\jupiter\junit-jupiter\6.0.0\junit-jupiter-6.0.0.jar;C:\Users\JoshuaSalcedo\.m2\repository\org\junit\jupiter\junit-jupiter-api\5.12.2\junit-jupiter-api-5.12.2.jar;C:\Users\JoshuaSalcedo\.m2\repository\org\opentest4j\opentest4j\1.3.0\opentest4j-1.3.0.jar;C:\Users\JoshuaSalcedo\.m2\repository\org\junit\platform\junit-platform-commons\1.12.2\junit-platform-commons-1.12.2.jar;C:\Users\JoshuaSalcedo\.m2\repository\org\apiguardian\apiguardian-api\1.1.2\apiguardian-api-1.1.2.jar;C:\Users\JoshuaSalcedo\.m2\repository\org\junit\jupiter\junit-jupiter-params\5.12.2\junit-jupiter-params-5.12.2.jar;C:\Users\JoshuaSalcedo\.m2\repository\org\junit\jupiter\junit-jupiter-engine\5.12.2\junit-jupiter-engine-5.12.2.jar;C:\Users\JoshuaSalcedo\.m2\repository\org\junit\platform\junit-platform-engine\1.12.2\junit-platform-engine-1.12.2.jar;C:\Users\JoshuaSalcedo\.m2\repository\org\assertj\assertj-core\4.0.0-M1\assertj-core-4.0.0-M1.jar;C:\Users\JoshuaSalcedo\.m2\repository\net\bytebuddy\byte-buddy\1.17.7\byte-buddy-1.17.7.jar;C:\Users\JoshuaSalcedo\.m2\repository\org\mockito\mockito-junit-jupiter\5.20.0\mockito-junit-jupiter-5.20.0.jar;C:\Users\JoshuaSalcedo\.m2\repository\org\mockito\mockito-core\5.20.0\mockito-core-5.20.0.jar;C:\Users\JoshuaSalcedo\.m2\repository\net\bytebuddy\byte-buddy-agent\1.17.7\byte-buddy-agent-1.17.7.jar;C:\Users\JoshuaSalcedo\.m2\repository\org\objenesis\objenesis\3.3\objenesis-3.3.jar;"/>
    <property name="sun.cpu.endian" value="little"/>
    <property name="user.home" value="C:\Users\JoshuaSalcedo"/>
    <property name="user.language" value="en"/>
    <property name="java.specification.vendor" value="Oracle Corporation"/>
    <property name="java.version.date" value="2025-09-16"/>
    <property name="java.home" value="C:\Users\JoshuaSalcedo\.jdks\graalvm-ce-25.0.0"/>
    <property name="file.separator" value="\"/>
    <property name="basedir" value="E:\ddd-template\domain"/>
    <property name="java.vm.compressedOopsMode" value="Zero based"/>
    <property name="line.separator" value="&#10;"/>
    <property name="java.vm.specification.vendor" value="Oracle Corporation"/>
    <property name="java.specification.name" value="Java Platform API Specification"/>
    <property name="surefire.real.class.path" value="C:\Users\JoshuaSalcedo\AppData\Local\Temp\surefire12423616510477233113\surefirebooter-20251015152926270_3.jar"/>
    <property name="user.script" value=""/>
    <property name="sun.management.compiler" value="HotSpot 64-Bit Tiered Compilers"/>
    <property name="java.runtime.version" value="25+37-jvmci-b01"/>
    <property name="user.name" value="JoshuaSalcedo"/>
    <property name="stdout.encoding" value="Cp1252"/>
    <property name="path.separator" value=";"/>
    <property name="os.version" value="10.0"/>
    <property name="java.runtime.name" value="OpenJDK Runtime Environment"/>
    <property name="file.encoding" value="UTF-8"/>
    <property name="java.vm.name" value="OpenJDK 64-Bit Server VM"/>
    <property name="java.vendor.version" value="GraalVM CE 25+37.1"/>
    <property name="localRepository" value="C:\Users\JoshuaSalcedo\.m2\repository"/>
    <property name="java.vendor.url.bug" value="https://github.com/oracle/graal/issues"/>
    <property name="java.io.tmpdir" value="C:\Users\JOSHUA~1\AppData\Local\Temp\"/>
    <property name="java.version" value="25"/>
    <property name="user.dir" value="E:\ddd-template\domain"/>
    <property name="os.arch" value="amd64"/>
    <property name="java.vm.specification.name" value="Java Virtual Machine Specification"/>
    <property name="sun.os.patch.level" value=""/>
    <property name="native.encoding" value="Cp1252"/>
    <property name="java.library.path" value="C:\Users\JoshuaSalcedo\.jdks\graalvm-ce-25.0.0\bin;C:\WINDOWS\Sun\Java\bin;C:\WINDOWS\system32;C:\WINDOWS;C:\Program Files\PowerShell\7-preview;C:\WINDOWS\system32;C:\WINDOWS;C:\WINDOWS\System32\Wbem;C:\WINDOWS\System32\WindowsPowerShell\v1.0\;C:\WINDOWS\System32\OpenSSH\;C:\Program Files\PuTTY\;C:\Program Files\PowerShell\7-preview\preview;C:\Program Files\Microsoft SQL Server\150\Tools\Binn\;C:\Program Files\Microsoft SQL Server\Client SDK\ODBC\170\Tools\Binn\;C:\Program Files\Git\cmd;%NVM_HOME%;C:\Program Files\nodejs;C:\Program Files\GitHub CLI\;%NVM_HOME%;C:\Program Files\nodejs;%NVM_HOME%;C:\Program Files\nodejs;C:\Program Files\Vagrant\bin;C:\Program Files (x86)\Windows Kits\10\Windows Performance Toolkit\;C:\Program Files (x86)\cloudflared\;C:\Program Files\dotnet\;C:\Program Files\Docker\Docker\resources\bin;C:\Users\JoshuaSalcedo\.jdks\graalvm-ce-25.0.0\bin;C:\Users\JoshuaSalcedo\.jdks\graalvm-ce-25.0.0\bin;C:\Users\JoshuaSalcedo\.jbang\bin;C:\Users\JoshuaSalcedo\AppData\Local\Programs\Python\Python313\Scripts\;C:\Users\JoshuaSalcedo\AppData\Local\Programs\Python\Python313\;C:\Program Files\PowerShell\7-preview;C:\WINDOWS\system32;C:\WINDOWS;C:\WINDOWS\System32\Wbem;C:\WINDOWS\System32\WindowsPowerShell\v1.0\;C:\WINDOWS\System32\OpenSSH\;C:\Program Files\Docker\Docker\resources\bin;C:\Program Files\PuTTY\;C:\Program Files\PowerShell\7-preview\preview;C:\Program Files\Microsoft SQL Server\150\Tools\Binn\;C:\Program Files\Microsoft SQL Server\Client SDK\ODBC\170\Tools\Binn\;C:\Program Files\dotnet\;C:\Program Files (x86)\Windows Kits\10\Windows Performance Toolkit\;C:\Program Files\Git\cmd;C:\Users\JoshuaSalcedo\AppData\Local\nvm;C:\nvm4w\nodejs;C:\Users\JoshuaSalcedo\scoop\shims;C:\Users\JoshuaSalcedo\AppData\Local\Programs\oh-my-posh\bin\;C:\Users\JoshuaSalcedo\AppData\Local\Microsoft\WindowsApps;C:\Users\JoshuaSalcedo\.dotnet\tools;C:\Users\JoshuaSalcedo\AppData\Local\Programs\Microsoft VS Code\bin;C:\Users\JoshuaSalcedo\AppData\Local\JetBrains\Toolbox\scripts;C:\Users\JoshuaSalcedo\.sdkman\candidates\maven\current\bin;C:\Users\JoshuaSalcedo\AppData\Local\nvm;C:\nvm4w\nodejs;C:\Users\JoshuaSalcedo\.pnpm\bin;C:\Users\JoshuaSalcedo\AppData\Local\Microsoft\WinGet\Links;C:\mingw64\bin;C:\Users\JoshuaSalcedo\AppData\Local\GitHubDesktop\bin;."/>
    <property name="java.vm.info" value="mixed mode, sharing"/>
    <property name="stderr.encoding" value="Cp1252"/>
    <property name="java.vendor" value="GraalVM Community"/>
    <property name="java.vm.version" value="25+37-jvmci-b01"/>
    <property name="stdin.encoding" value="Cp1252"/>
    <property name="sun.io.unicode.encoding" value="UnicodeLittle"/>
    <property name="java.class.version" value="69.0"/>
  </properties>
  <testcase name="shouldHaveProductIdAsIdentifier" classname="jMolecules Integration" time="0.097"/>
  <testcase name="shouldHaveIdentityAnnotationOnIdField" classname="jMolecules Integration" time="0.005"/>
  <testcase name="shouldImplementAggregateRootInterface" classname="jMolecules Integration" time="0.001"/>
  <testcase name="shouldReconstituteProductFromPersistence" classname="Reconstitution" time="0.006"/>
  <testcase name="shouldNotRegisterDomainEventsWhenReconstituting" classname="Reconstitution" time="0.007"/>
  <testcase name="shouldAccumulateMultipleDomainEvents" classname="Domain Events" time="0.002"/>
  <testcase name="shouldClearDomainEvents" classname="Domain Events" time="0.001"/>
  <testcase name="shouldReturnImmutableCopyOfDomainEvents" classname="Domain Events" time="0.004"/>
  <testcase name="shouldNotBeAvailableWhenStockIsZero" classname="Product Status" time="0.003"/>
  <testcase name="shouldDeactivateProduct" classname="Product Status" time="0.002"/>
  <testcase name="shouldBeAvailableWhenActiveAndHasStock" classname="Product Status" time="0.001"/>
  <testcase name="shouldActivateProduct" classname="Product Status" time="0.001"/>
  <testcase name="shouldNotBeAvailableWhenInactive" classname="Product Status" time="0.001"/>
  <testcase name="shouldUpdateProductInformation" classname="Product Information" time="0.001"/>
  <testcase name="shouldThrowExceptionWhenUpdatingWithInvalidName" classname="Product Information" time="0.002"/>
  <testcase name="shouldThrowExceptionWhenRemovingMoreStockThanAvailable" classname="Stock Management" time="0.003"/>
  <testcase name="shouldRemoveStockSuccessfully" classname="Stock Management" time="0.002"/>
  <testcase name="shouldAddStockSuccessfully" classname="Stock Management" time="0.001"/>
  <testcase name="shouldThrowExceptionWhenRemovingZeroOrNegativeStock" classname="Stock Management" time="0.002"/>
  <testcase name="shouldThrowExceptionWhenAddingZeroOrNegativeStock" classname="Stock Management" time="0.002"/>
  <testcase name="shouldChangePriceAndRegisterEvent" classname="Price Management" time="0.002"/>
  <testcase name="shouldUpdateTimestampWhenChangingPrice" classname="Price Management" time="0.014"/>
  <testcase name="shouldThrowExceptionWhenChangingPriceToNull" classname="Price Management" time="0.001"/>
  <testcase name="shouldCreateProductWithValidData" classname="Product Creation" time="0.001"/>
  <testcase name="shouldCreateProductWithZeroStock" classname="Product Creation" time="0.002"/>
  <testcase name="shouldThrowExceptionWhenNameIsNull" classname="Product Creation" time="0.002"/>
  <testcase name="shouldThrowExceptionWhenStockIsNegative" classname="Product Creation" time="0.002"/>
  <testcase name="shouldRegisterProductCreatedEventWhenCreatingProduct" classname="Product Creation" time="0.005"/>
  <testcase name="shouldThrowExceptionWhenNameExceeds255Characters" classname="Product Creation" time="0.002"/>
  <testcase name="shouldThrowExceptionWhenPriceIsNull" classname="Product Creation" time="0.001"/>
  <testcase name="shouldThrowExceptionWhenNameIsBlank" classname="Product Creation" time="0.0"/>
</testsuite>